Warning: Failed to post to 'http://127.0.0.1:8182/shunra/api/emulation/packetCaptureOnly', retcode=7.
Warning: Failed to start NV emulation. Perhaps the NV server is not working, and therefore a NV report will not be generated.
Virtual User Script started at : 5/8/2017 10:11:49 AM
Starting action vuser_init.
Web Turbo Replay of LoadRunner 12.53.0 for Windows 2012 R2; build 1203 (May 08 2017 19:13:20)  	[MsgId: MMSG-26983]
Run mode: HTML  	[MsgId: MMSG-26993]
Replay user agent: Mozilla/5.0 (Windows NT 6.3; Win64; x64; Trident/7.0; rv:11.0) like Gecko  	[MsgId: MMSG-26988]
Run-Time Settings file: "C:\LR\Scripts\pmIdaHelpDeskReset\\default.cfg"  	[MsgId: MMSG-27141]
Ending action vuser_init.
Running Vuser...
Starting iteration 1.
Maximum number of concurrent connections per server: 6  	[MsgId: MMSG-26989]
Starting action Action.
Action.c(28): Notify: Transaction "Connect" started.
Action.c(30): web_url("{Instance}") started  	[MsgId: MMSG-26355]
Action.c(30): Found resource "http://qa-stress190-vm/fox1010r-1656/styles.fa906dba8df5460f75ba.bundle.css" in HTML "http://qa-stress190-vm/fox1010r-1656/"  	[MsgId: MMSG-26659]
Action.c(30): Found resource "http://qa-stress190-vm/fox1010r-1656/inline.f67276d4878c093214a8.bundle.js" in HTML "http://qa-stress190-vm/fox1010r-1656/"  	[MsgId: MMSG-26659]
Action.c(30): Found resource "http://qa-stress190-vm/fox1010r-1656/polyfills.c2a80fcac3932fd58cd7.bundle.js" in HTML "http://qa-stress190-vm/fox1010r-1656/"  	[MsgId: MMSG-26659]
Action.c(30): Found resource "http://qa-stress190-vm/fox1010r-1656/scripts.ad6a652b1123c82de6d3.bundle.js" in HTML "http://qa-stress190-vm/fox1010r-1656/"  	[MsgId: MMSG-26659]
Action.c(30): Found resource "http://qa-stress190-vm/fox1010r-1656/vendor.b758265485607a1c5bff.bundle.js" in HTML "http://qa-stress190-vm/fox1010r-1656/"  	[MsgId: MMSG-26659]
Action.c(30): Found resource "http://qa-stress190-vm/fox1010r-1656/main.99920fc3b61526512b0f.bundle.js" in HTML "http://qa-stress190-vm/fox1010r-1656/"  	[MsgId: MMSG-26659]
Action.c(30): Downloading resource "http://qa-stress190-vm/fox1010r-1656/inline.9cab63a947700c373539.bundle.js" (specified by argument number 11)  	[MsgId: MMSG-26577]
Action.c(30): Downloading resource "http://qa-stress190-vm/fox1010r-1656/polyfills.b7bb9d75137731166c02.bundle.js" (specified by argument number 13)  	[MsgId: MMSG-26577]
Action.c(30): Downloading resource "http://qa-stress190-vm/fox1010r-1656/scripts.b1edfed8e69b7c42962c.bundle.js" (specified by argument number 15)  	[MsgId: MMSG-26577]
Action.c(30): Downloading resource "http://qa-stress190-vm/fox1010r-1656/main.fa22abaf752923e5fd7c.bundle.js" (specified by argument number 19)  	[MsgId: MMSG-26577]
Action.c(30): Downloading resource "http://qa-stress190-vm/fox1010r-1656/docs/default/js/scripts.js" (specified by argument number 21)  	[MsgId: MMSG-26577]
Action.c(30): Downloading resource "http://qa-stress190-vm/fox1010r-1656/docs/pics/hitachi-white.png" (specified by argument number 23)  	[MsgId: MMSG-26577]
Action.c(30): Downloading resource "http://qa-stress190-vm/fox1010r-1656/docs/default/js/qrcode.js" (specified by argument number 25)  	[MsgId: MMSG-26577]
Action.c(30): Downloading resource "http://qa-stress190-vm/fox1010r-1656/docs/pics/spacer.gif" (specified by argument number 27)  	[MsgId: MMSG-26577]
Action.c(30): Downloading resource "http://qa-stress190-vm/fox1010r-1656/docs/pics/icon_info.png" (specified by argument number 29)  	[MsgId: MMSG-26577]
Action.c(30): Downloading resource "http://qa-stress190-vm/fox1010r-1656/docs/pics/icon_my_profile.png" (specified by argument number 31)  	[MsgId: MMSG-26577]
Action.c(30): Downloading resource "http://qa-stress190-vm/fox1010r-1656/docs/pics/icon_security_otheruser.png" (specified by argument number 33)  	[MsgId: MMSG-26577]
Action.c(30): Downloading resource "http://qa-stress190-vm/fox1010r-1656/docs/pics/icon_requests.png" (specified by argument number 35)  	[MsgId: MMSG-26577]
Action.c(30): Downloading resource "http://qa-stress190-vm/fox1010r-1656/docs/pics/icon_passwords.png" (specified by argument number 37)  	[MsgId: MMSG-26577]
Action.c(30): web_url("{Instance}") was successful, 929394 body bytes, 5943 header bytes  	[MsgId: MMSG-26386]
Action.c(55): web_add_cookie started  	[MsgId: MMSG-26355]
Action.c(55): web_add_cookie was successful  	[MsgId: MMSG-26392]
Action.c(58): web_reg_save_param_regexp started  	[MsgId: MMSG-26355]
Action.c(58): Registering web_reg_save_param_regexp was successful  	[MsgId: MMSG-26390]
Action.c(68): web_url("psf.exe") started  	[MsgId: MMSG-26355]
Action.c(68): Found resource "http://qa-stress190-vm/fox1010r-1656/cgi/docs/pics/spacer.gif" in HTML "http://qa-stress190-vm/fox1010r-1656/cgi/psf.exe"  	[MsgId: MMSG-26659]
Action.c(68): Found resource "http://qa-stress190-vm/fox1010r-1656/cgi/docs/pics/hitachi-white.png" in HTML "http://qa-stress190-vm/fox1010r-1656/cgi/psf.exe"  	[MsgId: MMSG-26659]
Action.c(68): Found resource "http://qa-stress190-vm/fox1010r-1656/cgi/docs/pics/icon_error.png" in HTML "http://qa-stress190-vm/fox1010r-1656/cgi/psf.exe"  	[MsgId: MMSG-26659]
Action.c(68): web_url("psf.exe") was successful, 10753 body bytes, 1170 header bytes  	[MsgId: MMSG-26386]
Action.c(77): web_submit_data("ajax.exe") started  	[MsgId: MMSG-26355]
Action.c(77): web_submit_data("ajax.exe") was successful, 143 body bytes, 215 header bytes  	[MsgId: MMSG-26386]
Action.c(93): Notify: Transaction "Connect" ended with a "Pass" status (Duration: 2.4781 Wasted Time: 0.6637).
Action.c(96): web_reg_save_param_regexp started  	[MsgId: MMSG-26355]
Action.c(96): Registering web_reg_save_param_regexp was successful  	[MsgId: MMSG-26390]
Action.c(104): Notify: Transaction "Login-Total" started.
Action.c(107): Notify: Transaction "Login-SetUser" started.
Action.c(109): web_submit_data("psf.exe_2") started  	[MsgId: MMSG-26355]
Action.c(109): Resource "http://qa-stress190-vm/fox1010r-1656/cgi/docs/pics/spacer.gif" is in the cache already and will not be downloaded again  	[MsgId: MMSG-26655]
Action.c(109): Resource "http://qa-stress190-vm/fox1010r-1656/cgi/docs/pics/hitachi-white.png" is in the cache already and will not be downloaded again  	[MsgId: MMSG-26655]
Action.c(109): Resource "http://qa-stress190-vm/fox1010r-1656/cgi/docs/pics/icon_error.png" is in the cache already and will not be downloaded again  	[MsgId: MMSG-26655]
Action.c(109): web_submit_data("psf.exe_2") was successful, 5449 body bytes, 342 header bytes  	[MsgId: MMSG-26386]
Action.c(128): Notify: Transaction "Login-SetUser" ended with a "Pass" status (Duration: 0.2348 Wasted Time: 0.0040).
Action.c(131): web_reg_save_param_regexp started  	[MsgId: MMSG-26355]
Action.c(131): Registering web_reg_save_param_regexp was successful  	[MsgId: MMSG-26390]
Action.c(140): web_convert_param started  	[MsgId: MMSG-26355]
Action.c(140): web_convert_param was successful  	[MsgId: MMSG-26392]
Action.c(145): Notify: Transaction "Login-SetPasswd" started.
Action.c(148): web_custom_request("psf.exe_3") started  	[MsgId: MMSG-26355]
Action.c(148): Resource "http://qa-stress190-vm/fox1010r-1656/cgi/docs/pics/spacer.gif" is in the cache already and will not be downloaded again  	[MsgId: MMSG-26655]
Action.c(148): Resource "http://qa-stress190-vm/fox1010r-1656/cgi/docs/pics/hitachi-white.png" is in the cache already and will not be downloaded again  	[MsgId: MMSG-26655]
Action.c(148): Resource "http://qa-stress190-vm/fox1010r-1656/cgi/docs/pics/icon_error.png" is in the cache already and will not be downloaded again  	[MsgId: MMSG-26655]
Action.c(148): Found resource "http://qa-stress190-vm/fox1010r-1656/cgi/docs/pics/icon_info.png" in HTML "http://qa-stress190-vm/fox1010r-1656/cgi/psf.exe"  	[MsgId: MMSG-26659]
Action.c(148): Found resource "http://qa-stress190-vm/fox1010r-1656/cgi/docs/pics/icon_my_profile.png" in HTML "http://qa-stress190-vm/fox1010r-1656/cgi/psf.exe"  	[MsgId: MMSG-26659]
Action.c(148): Found resource "http://qa-stress190-vm/fox1010r-1656/cgi/docs/pics/icon_security_otheruser.png" in HTML "http://qa-stress190-vm/fox1010r-1656/cgi/psf.exe"  	[MsgId: MMSG-26659]
Action.c(148): Found resource "http://qa-stress190-vm/fox1010r-1656/cgi/docs/pics/icon_requests.png" in HTML "http://qa-stress190-vm/fox1010r-1656/cgi/psf.exe"  	[MsgId: MMSG-26659]
Action.c(148): Found resource "http://qa-stress190-vm/fox1010r-1656/cgi/docs/pics/icon_passwords.png" in HTML "http://qa-stress190-vm/fox1010r-1656/cgi/psf.exe"  	[MsgId: MMSG-26659]
Action.c(148): web_custom_request("psf.exe_3") was successful, 17321 body bytes, 1722 header bytes  	[MsgId: MMSG-26386]
Action.c(160): Notify: Transaction "Login-SetPasswd" ended with a "Pass" status (Duration: 1.6770 Wasted Time: 0.0058).
Action.c(163): Notify: Transaction "Login-Total" ended with a "Pass" status (Duration: 1.9247 Wasted Time: 0.0123).
Action.c(166): web_reg_save_param_regexp started  	[MsgId: MMSG-26355]
Action.c(166): Registering web_reg_save_param_regexp was successful  	[MsgId: MMSG-26390]
Action.c(180): Notify: Transaction "Click-Help-others" started.
Action.c(183): web_submit_data("ida.exe") started  	[MsgId: MMSG-26355]
Action.c(183): Downloading resource "http://qa-stress190-vm/fox1010r-1656/docs/pics/search.png" (specified by argument number 28)  	[MsgId: MMSG-26577]
Action.c(183): Downloading resource "http://qa-stress190-vm/fox1010r-1656/docs/pics/spinner.gif" (specified by argument number 31)  	[MsgId: MMSG-26577]
Action.c(183): Resource "http://qa-stress190-vm/fox1010r-1656/cgi/docs/pics/spacer.gif" is in the cache already and will not be downloaded again  	[MsgId: MMSG-26655]
Action.c(183): Resource "http://qa-stress190-vm/fox1010r-1656/cgi/docs/pics/hitachi-white.png" is in the cache already and will not be downloaded again  	[MsgId: MMSG-26655]
Action.c(183): Resource "http://qa-stress190-vm/fox1010r-1656/cgi/docs/pics/icon_error.png" is in the cache already and will not be downloaded again  	[MsgId: MMSG-26655]
Action.c(183): Found resource "http://qa-stress190-vm/fox1010r-1656/cgi/docs/pics/search.png" in HTML "http://qa-stress190-vm/fox1010r-1656/cgi/ida.exe"  	[MsgId: MMSG-26659]
Action.c(183): web_submit_data("ida.exe") was successful, 36261 body bytes, 1170 header bytes  	[MsgId: MMSG-26386]
Action.c(203): Notify: Transaction "Click-Help-others" ended with a "Pass" status (Duration: 0.7672 Wasted Time: 0.0049).
Action.c(277): web_convert_param started  	[MsgId: MMSG-26355]
Action.c(277): web_convert_param was successful  	[MsgId: MMSG-26392]
Action.c(282): Notify: Transaction "ajax-Search-IdContains" started.
Action.c(285): web_custom_request("ajax.exe_4") started  	[MsgId: MMSG-26355]
Action.c(285): web_custom_request("ajax.exe_4") was successful, 280 body bytes, 215 header bytes  	[MsgId: MMSG-26386]
Action.c(297): web_submit_data("ajax.exe_5") started  	[MsgId: MMSG-26355]
Action.c(297): web_submit_data("ajax.exe_5") was successful, 97 body bytes, 214 header bytes  	[MsgId: MMSG-26386]
Action.c(313): web_submit_data("ajax.exe_6") started  	[MsgId: MMSG-26355]
Action.c(313): web_submit_data("ajax.exe_6") was successful, 75 body bytes, 214 header bytes  	[MsgId: MMSG-26386]
Action.c(330): web_submit_data("ajax.exe_7") started  	[MsgId: MMSG-26355]
Action.c(330): web_submit_data("ajax.exe_7") was successful, 75 body bytes, 214 header bytes  	[MsgId: MMSG-26386]
Action.c(355): web_submit_data("ajax.exe_8") started  	[MsgId: MMSG-26355]
Action.c(355): web_submit_data("ajax.exe_8") was successful, 75 body bytes, 214 header bytes  	[MsgId: MMSG-26386]
Action.c(381): Notify: Transaction "ajax-Search-IdContains" ended with a "Pass" status (Duration: 0.4325 Wasted Time: 0.0094).
Action.c(384): web_reg_save_param_regexp started  	[MsgId: MMSG-26355]
Action.c(384): Registering web_reg_save_param_regexp was successful  	[MsgId: MMSG-26390]
Action.c(398): Notify: Transaction "Ida-SelectOtherUser" started.
Action.c(401): web_custom_request("ida.exe_2") started  	[MsgId: MMSG-26355]
Action.c(401): Resource "http://qa-stress190-vm/fox1010r-1656/cgi/docs/pics/spacer.gif" is in the cache already and will not be downloaded again  	[MsgId: MMSG-26655]
Action.c(401): Resource "http://qa-stress190-vm/fox1010r-1656/cgi/docs/pics/hitachi-white.png" is in the cache already and will not be downloaded again  	[MsgId: MMSG-26655]
Action.c(401): Downloading resource "http://qa-stress190-vm/fox1010r-1656/docs/pics/bullet.png" (specified by argument number 11)  	[MsgId: MMSG-26577]
Action.c(401): Resource "http://qa-stress190-vm/fox1010r-1656/cgi/docs/pics/icon_error.png" is in the cache already and will not be downloaded again  	[MsgId: MMSG-26655]
Action.c(401): Resource "http://qa-stress190-vm/fox1010r-1656/cgi/docs/pics/icon_info.png" is in the cache already and will not be downloaded again  	[MsgId: MMSG-26655]
Action.c(401): web_custom_request("ida.exe_2") was successful, 11958 body bytes, 618 header bytes  	[MsgId: MMSG-26386]
Action.c(414): Notify: Transaction "Ida-SelectOtherUser" ended with a "Pass" status (Duration: 0.3217 Wasted Time: 0.0032).
Action.c(419): Notify: Transaction "ajax-checkPasswordRules" started.
Action.c(422): web_submit_data("ajax.exe_9") started  	[MsgId: MMSG-26355]
Action.c(422): Downloading resource "http://qa-stress190-vm/fox1010r-1656/docs/pics/greenlight.png" (specified by argument number 34)  	[MsgId: MMSG-26577]
Action.c(422): Downloading resource "http://qa-stress190-vm/fox1010r-1656/docs/pics/redlight.png" (specified by argument number 37)  	[MsgId: MMSG-26577]
Action.c(422): web_submit_data("ajax.exe_9") was successful, 1332 body bytes, 765 header bytes  	[MsgId: MMSG-26386]
Action.c(443): web_submit_data("ajax.exe_10") started  	[MsgId: MMSG-26355]
Action.c(443): web_submit_data("ajax.exe_10") was successful, 277 body bytes, 215 header bytes  	[MsgId: MMSG-26386]
Action.c(461): web_submit_data("ajax.exe_11") started  	[MsgId: MMSG-26355]
Action.c(461): web_submit_data("ajax.exe_11") was successful, 277 body bytes, 215 header bytes  	[MsgId: MMSG-26386]
Action.c(479): web_submit_data("ajax.exe_12") started  	[MsgId: MMSG-26355]
Action.c(479): web_submit_data("ajax.exe_12") was successful, 276 body bytes, 215 header bytes  	[MsgId: MMSG-26386]
Action.c(497): web_submit_data("ajax.exe_13") started  	[MsgId: MMSG-26355]
Action.c(497): web_submit_data("ajax.exe_13") was successful, 275 body bytes, 215 header bytes  	[MsgId: MMSG-26386]
Action.c(515): web_submit_data("ajax.exe_14") started  	[MsgId: MMSG-26355]
Action.c(515): web_submit_data("ajax.exe_14") was successful, 273 body bytes, 215 header bytes  	[MsgId: MMSG-26386]
Action.c(534): Notify: Transaction "ajax-checkPasswordRules" ended with a "Pass" status (Duration: 0.5342 Wasted Time: 0.0152).
Action.c(536): web_convert_param started  	[MsgId: MMSG-26355]
Action.c(536): web_convert_param was successful  	[MsgId: MMSG-26392]
Action.c(542): Notify: Transaction "Ida-Reset" started.
Action.c(545): web_custom_request("ida.exe_3") started  	[MsgId: MMSG-26355]
Action.c(545): Resource "http://qa-stress190-vm/fox1010r-1656/cgi/docs/pics/spacer.gif" is in the cache already and will not be downloaded again  	[MsgId: MMSG-26655]
Action.c(545): Resource "http://qa-stress190-vm/fox1010r-1656/cgi/docs/pics/hitachi-white.png" is in the cache already and will not be downloaded again  	[MsgId: MMSG-26655]
Action.c(545): Resource "http://qa-stress190-vm/fox1010r-1656/cgi/docs/pics/icon_info.png" is in the cache already and will not be downloaded again  	[MsgId: MMSG-26655]
Action.c(545): web_custom_request("ida.exe_3") was successful, 8345 body bytes, 342 header bytes  	[MsgId: MMSG-26386]
Action.c(557): Notify: Transaction "Ida-Reset" ended with a "Pass" status (Duration: 0.4960 Wasted Time: 0.0022).
Action.c(560): web_reg_save_param_regexp started  	[MsgId: MMSG-26355]
Action.c(560): Registering web_reg_save_param_regexp was successful  	[MsgId: MMSG-26390]
Action.c(570): Notify: Transaction "Logout" started.
Action.c(572): web_submit_form("ida.exe_4") started  	[MsgId: MMSG-26355]
Action.c(572): Submitting form to "http://qa-stress190-vm/fox1010r-1656/cgi/ida.exe", Target Frame=""  	[MsgId: MMSG-27978]
Action.c(572): Redirecting "http://qa-stress190-vm/fox1010r-1656/cgi/ida.exe" (redirection depth is 0)  	[MsgId: MMSG-26694]
Action.c(572): To location "http://qa-stress190-vm/fox1010r-1656/cgi/psf.exe?SKIN=default&LANG=en-US"  	[MsgId: MMSG-26693]
Action.c(572): Resource "http://qa-stress190-vm/fox1010r-1656/cgi/docs/pics/spacer.gif" is in the cache already and will not be downloaded again  	[MsgId: MMSG-26655]
Action.c(572): Resource "http://qa-stress190-vm/fox1010r-1656/cgi/docs/pics/hitachi-white.png" is in the cache already and will not be downloaded again  	[MsgId: MMSG-26655]
Action.c(572): Resource "http://qa-stress190-vm/fox1010r-1656/cgi/docs/pics/icon_error.png" is in the cache already and will not be downloaded again  	[MsgId: MMSG-26655]
Action.c(572): web_submit_form("ida.exe_4") was successful, 5427 body bytes, 684 header bytes  	[MsgId: MMSG-26386]
Action.c(578): Notify: Transaction "Logout" ended with a "Pass" status (Duration: 0.2186 Wasted Time: 0.0048).
Action.c(581): Notify: Transaction "Re-login-page" started.
Action.c(583): web_submit_data("ajax.exe_15") started  	[MsgId: MMSG-26355]
Action.c(583): web_submit_data("ajax.exe_15") was successful, 143 body bytes, 215 header bytes  	[MsgId: MMSG-26386]
Action.c(600): Notify: Transaction "Re-login-page" ended with a "Pass" status (Duration: 0.0976 Wasted Time: 0.0023).
Ending action Action.
Ending iteration 1.
Ending Vuser...
Starting action vuser_end.
Ending action vuser_end.
Vuser Terminated.
